<?xml version="1.0" encoding="UTF-8"?>
<!-- Generated by org.testng.reporters.JUnitReportReporter -->
<testsuite hostname="KairosHW0347" failures="0" tests="3" name="com.TextExecutor.TestRunner" time="148.420" errors="0" timestamp="2024-04-23T17:53:00 IST" skipped="0">
  <testcase classname="com.TextExecutor.TestRunner" name="runScenario" time="46.776"/>
  <testcase classname="com.TextExecutor.TestRunner" name="runScenario" time="60.613"/>
  <testcase classname="com.TextExecutor.TestRunner" name="runScenario" time="41.031"/>
</testsuite> <!-- com.TextExecutor.TestRunner -->
