<?xml version="1.0" encoding="UTF-8"?>
<!-- Generated by org.testng.reporters.JUnitReportReporter -->
<testsuite hostname="KairosHW0347" failures="0" tests="3" name="com.TextExecutor.TestRunner" time="142.908" errors="0" timestamp="2024-04-22T19:19:31 IST" skipped="0">
  <testcase classname="com.TextExecutor.TestRunner" name="runScenario" time="43.709"/>
  <testcase classname="com.TextExecutor.TestRunner" name="runScenario" time="56.350"/>
  <testcase classname="com.TextExecutor.TestRunner" name="runScenario" time="42.849"/>
</testsuite> <!-- com.TextExecutor.TestRunner -->
